This is LuaTeX, Version beta-0.80.0 (TeX Live 2015/Debian) (rev 5238)  (format=lualatex 2017.9.24)  10 OCT 2017 10:16
 restricted \write18 enabled.
**q
(/usr/share/texlive/texmf-dist/tex/latex/tools/q.tex
LaTeX2e <2016/02/01>
Babel <3.9q> and hyphenation patterns for 1 language(s) loaded.
File ignored
)
! Emergency stop.
<*> q
  
*** (job aborted, no legal \end found)



Here is how much of LuaTeX's memory you used:
 6 strings out of 495004
 100000,89155 words of node,token memory allocated 188 words of node memory still in use:
   31 glue_spec, 1 dir nodes
   avail lists: 2:12,3:1
 3695 multiletter control sequences out of 65536+600000
 14 fonts using 562767 bytes
 5i,0n,1p,80b,15s stack positions out of 5000i,500n,10000p,200000b,100000s
!  ==> Fatal error occurred, no output PDF file produced!
